c:\dev\dyson\bin-interm\engine-core\release-win32\vc143.pdb
c:\dev\dyson\bin-interm\engine-core\release-win32\text.obj
c:\dev\dyson\bin-interm\engine-core\release-win32\tilemap.obj
c:\dev\dyson\bin-interm\engine-core\release-win32\vertex_buffer.obj
c:\dev\dyson\bin-interm\engine-core\release-win32\vertex_array.obj
c:\dev\dyson\bin-interm\engine-core\release-win32\timer.obj
c:\dev\dyson\bin-interm\engine-core\release-win32\orthographic_camera.obj
c:\dev\dyson\bin-interm\engine-core\release-win32\stb_image.obj
c:\dev\dyson\bin-interm\engine-core\release-win32\vec4.obj
c:\dev\dyson\bin-interm\engine-core\release-win32\vec3.obj
c:\dev\dyson\bin-interm\engine-core\release-win32\vec2.obj
c:\dev\dyson\bin-interm\engine-core\release-win32\mat4.obj
c:\dev\dyson\bin-interm\engine-core\release-win32\texture.obj
c:\dev\dyson\bin-interm\engine-core\release-win32\window.obj
c:\dev\dyson\bin-interm\engine-core\release-win32\shader.obj
c:\dev\dyson\bin-interm\engine-core\release-win32\input.obj
c:\dev\dyson\bin-interm\engine-core\release-win32\audio.obj
c:\dev\dyson\bin-interm\engine-core\release-win32\sprite.obj
c:\dev\dyson\bin-interm\engine-core\release-win32\index_buffer.obj
c:\dev\dyson\bin-interm\engine-core\release-win32\batch_renderer.obj
c:\dev\dyson\bin\engine-core\release-win32\engine-core.lib
c:\dev\dyson\bin\engine-core\release-win32\engine-core.exp
c:\dev\dyson\bin\engine-core\release-win32\engine-core.dll
c:\dev\dyson\bin-interm\engine-core\release-win32\engine-core.ipdb
c:\dev\dyson\bin-interm\engine-core\release-win32\engine-core.iobj
c:\dev\dyson\bin\engine-core\release-win32\engine-core.pdb
c:\dev\dyson\bin-interm\engine-core\release-win32\engine-core.vcxproj.filelistabsolute.txt
c:\dev\dyson\bin-interm\engine-core\release-win32\engine-core.tlog\cl.command.1.tlog
c:\dev\dyson\bin-interm\engine-core\release-win32\engine-core.tlog\cl.read.1.tlog
c:\dev\dyson\bin-interm\engine-core\release-win32\engine-core.tlog\cl.write.1.tlog
c:\dev\dyson\bin-interm\engine-core\release-win32\engine-core.tlog\engine-core.write.1u.tlog
c:\dev\dyson\bin-interm\engine-core\release-win32\engine-core.tlog\link.command.1.tlog
c:\dev\dyson\bin-interm\engine-core\release-win32\engine-core.tlog\link.read.1.tlog
c:\dev\dyson\bin-interm\engine-core\release-win32\engine-core.tlog\link.write.1.tlog
