  application.cpp
C:\dev\Dyson\Engine-Core\src\graphics\shader.h(15,25): warning C4251: 'ds::graphics::Shader::pVertexShaderPath': class 'std::basic_string<char,std::char_traits<char>,std::allocator<char>>' needs to have dll-interface to be used by clients of class 'ds::graphics::Shader'
C:\Program Files\Microsoft Visual Studio\2022\Community\VC\Tools\MSVC\14.31.31103\include\xstring(4927): message : see declaration of 'std::basic_string<char,std::char_traits<char>,std::allocator<char>>'
C:\dev\Dyson\Engine-Core\src\graphics\shader.h(15,44): warning C4251: 'ds::graphics::Shader::pFragmentShaderPath': class 'std::basic_string<char,std::char_traits<char>,std::allocator<char>>' needs to have dll-interface to be used by clients of class 'ds::graphics::Shader'
C:\Program Files\Microsoft Visual Studio\2022\Community\VC\Tools\MSVC\14.31.31103\include\xstring(4927): message : see declaration of 'std::basic_string<char,std::char_traits<char>,std::allocator<char>>'
C:\dev\Dyson\Engine-Core\src\graphics\shader.h(16,25): warning C4251: 'ds::graphics::Shader::pVertexShaderCode': class 'std::basic_string<char,std::char_traits<char>,std::allocator<char>>' needs to have dll-interface to be used by clients of class 'ds::graphics::Shader'
C:\Program Files\Microsoft Visual Studio\2022\Community\VC\Tools\MSVC\14.31.31103\include\xstring(4927): message : see declaration of 'std::basic_string<char,std::char_traits<char>,std::allocator<char>>'
C:\dev\Dyson\Engine-Core\src\graphics\shader.h(16,44): warning C4251: 'ds::graphics::Shader::pFragmentShaderCode': class 'std::basic_string<char,std::char_traits<char>,std::allocator<char>>' needs to have dll-interface to be used by clients of class 'ds::graphics::Shader'
C:\Program Files\Microsoft Visual Studio\2022\Community\VC\Tools\MSVC\14.31.31103\include\xstring(4927): message : see declaration of 'std::basic_string<char,std::char_traits<char>,std::allocator<char>>'
C:\dev\Dyson\Engine-Core\src\graphics\texture.h(13,16): warning C4251: 'ds::graphics::Texture::pTexturePath': class 'std::basic_string<char,std::char_traits<char>,std::allocator<char>>' needs to have dll-interface to be used by clients of class 'ds::graphics::Texture'
C:\Program Files\Microsoft Visual Studio\2022\Community\VC\Tools\MSVC\14.31.31103\include\xstring(4927): message : see declaration of 'std::basic_string<char,std::char_traits<char>,std::allocator<char>>'
C:\dev\Dyson\Engine-Core\src\graphics\tilemap.h(34,16): warning C4251: 'ds::graphics::Tilemap::pFilePath': class 'std::basic_string<char,std::char_traits<char>,std::allocator<char>>' needs to have dll-interface to be used by clients of class 'ds::graphics::Tilemap'
C:\Program Files\Microsoft Visual Studio\2022\Community\VC\Tools\MSVC\14.31.31103\include\xstring(4927): message : see declaration of 'std::basic_string<char,std::char_traits<char>,std::allocator<char>>'
C:\dev\Dyson\Engine-Core\src\graphics\tilemap.h(43,16): warning C4251: 'ds::graphics::Tilemap::tileMap': class 'std::basic_string<char,std::char_traits<char>,std::allocator<char>>' needs to have dll-interface to be used by clients of class 'ds::graphics::Tilemap'
C:\Program Files\Microsoft Visual Studio\2022\Community\VC\Tools\MSVC\14.31.31103\include\xstring(4927): message : see declaration of 'std::basic_string<char,std::char_traits<char>,std::allocator<char>>'
C:\dev\Dyson\Engine-Core\src\graphics\tilemap.h(46,36): warning C4251: 'ds::graphics::Tilemap::tileSet': class 'std::vector<std::vector<ds::graphics::Tile *,std::allocator<ds::graphics::Tile *>>,std::allocator<std::vector<ds::graphics::Tile *,std::allocator<ds::graphics::Tile *>>>>' needs to have dll-interface to be used by clients of class 'ds::graphics::Tilemap'
C:\dev\Dyson\Engine-Core\src\graphics\tilemap.h(46): message : see declaration of 'std::vector<std::vector<ds::graphics::Tile *,std::allocator<ds::graphics::Tile *>>,std::allocator<std::vector<ds::graphics::Tile *,std::allocator<ds::graphics::Tile *>>>>'
C:\dev\Dyson\Engine-Core\src\util\audio.h(9,27): warning C4091: 'extern ': ignored on left of 'irrklang::ISoundSource' when no variable is declared
C:\dev\Dyson\Engine-Core\src\util\audio.h(10,21): warning C4091: 'extern ': ignored on left of 'irrklang::ISound' when no variable is declared
  Sandbox.vcxproj -> C:\dev\Dyson\bin\Sandbox\Debug-Win32\Sandbox.exe
